<?xml version="1.0" encoding="UTF-8"?>
<testsuite name="com.example.starter.TestMainVerticle" tests="1" skipped="0" failures="0" errors="0" timestamp="2023-09-22T08:39:54" hostname="LAPTOP-ETAIA87Q" time="1.611">
  <properties/>
  <testcase name="verticle_deployed(Vertx, VertxTestContext)" classname="com.example.starter.TestMainVerticle" time="1.611"/>
  <system-out><![CDATA[Server function called!
Pool closed
]]></system-out>
  <system-err><![CDATA[io.vertx.core.impl.NoStackTraceThrowable: Pool closed
]]></system-err>
</testsuite>
